Using pre-set license
Built from '2021.3/staging' branch; Version is '2021.3.16f1 (4016570cf34f) revision 4200023'; Using compiler version '192829333'; Build Type 'Release'
OS: 'Windows 10  (10.0.17763) 64bit EnterpriseS' Language: 'zh' Physical Memory: 32602 MB
BatchMode: 1, IsHumanControllingUs: 0, StartBugReporterOnCrash: 0, Is64bit: 1, IsPro: 1

COMMAND LINE ARGUMENTS:
D:\Program Files (x86)\Unity 2021.3.16f1\Editor\Unity.exe
-adb2
-batchMode
-noUpm
-name
AssetImportWorker0
-projectPath
G:/UpdateLuaInRuntime/UpdateLuaInRuntime
-logFile
Logs/AssetImportWorker0.log
-srvPort
52979
Successfully changed project path to: G:/UpdateLuaInRuntime/UpdateLuaInRuntime
G:/UpdateLuaInRuntime/UpdateLuaInRuntime
[UnityMemory] Configuration Parameters - Can be set up in boot.config
    "memorysetup-bucket-allocator-granularity=16"
    "memorysetup-bucket-allocator-bucket-count=8"
    "memorysetup-bucket-allocator-block-size=33554432"
    "memorysetup-bucket-allocator-block-count=8"
    "memorysetup-main-allocator-block-size=16777216"
    "memorysetup-thread-allocator-block-size=16777216"
    "memorysetup-gfx-main-allocator-block-size=16777216"
    "memorysetup-gfx-thread-allocator-block-size=16777216"
    "memorysetup-cache-allocator-block-size=4194304"
    "memorysetup-typetree-allocator-block-size=2097152"
    "memorysetup-profiler-bucket-allocator-granularity=16"
    "memorysetup-profiler-bucket-allocator-bucket-count=8"
    "memorysetup-profiler-bucket-allocator-block-size=33554432"
    "memorysetup-profiler-bucket-allocator-block-count=8"
    "memorysetup-profiler-allocator-block-size=16777216"
    "memorysetup-profiler-editor-allocator-block-size=1048576"
    "memorysetup-temp-allocator-size-main=16777216"
    "memorysetup-job-temp-allocator-block-size=2097152"
    "memorysetup-job-temp-allocator-block-size-background=1048576"
    "memorysetup-job-temp-allocator-reduction-small-platforms=262144"
    "memorysetup-temp-allocator-size-background-worker=32768"
    "memorysetup-temp-allocator-size-job-worker=262144"
    "memorysetup-temp-allocator-size-preload-manager=33554432"
    "memorysetup-temp-allocator-size-nav-mesh-worker=65536"
    "memorysetup-temp-allocator-size-audio-worker=65536"
    "memorysetup-temp-allocator-size-cloud-worker=32768"
    "memorysetup-temp-allocator-size-gi-baking-worker=262144"
    "memorysetup-temp-allocator-size-gfx=262144"
Player connection [14372] Host "[IP] 192.168.20.164 [Port] 0 [Flags] 2 [Guid] 2775099051 [EditorId] 2775099051 [Version] 1048832 [Id] WindowsEditor(7,PC-20210719QJJV) [Debug] 1 [PackageName] WindowsEditor [ProjectName] Editor" joined multi-casting on [225.0.0.222:54997]...

Player connection [14372] Host "[IP] 192.168.20.164 [Port] 0 [Flags] 2 [Guid] 2775099051 [EditorId] 2775099051 [Version] 1048832 [Id] WindowsEditor(7,PC-20210719QJJV) [Debug] 1 [PackageName] WindowsEditor [ProjectName] Editor" joined alternative multi-casting on [225.0.0.222:34997]...

Refreshing native plugins compatible for Editor in 18.44 ms, found 2 plugins.
Preloading 0 native plugins for Editor in 0.00 ms.
Initialize engine version: 2021.3.16f1 (4016570cf34f)
[Subsystems] Discovering subsystems at path D:/Program Files (x86)/Unity 2021.3.16f1/Editor/Data/Resources/UnitySubsystems
[Subsystems] Discovering subsystems at path G:/UpdateLuaInRuntime/UpdateLuaInRuntime/Assets
GfxDevice: creating device client; threaded=0; jobified=0
Direct3D:
    Version:  Direct3D 11.0 [level 11.1]
    Renderer: Intel(R) UHD Graphics 630 (ID=0x9bc8)
    Vendor:   Intel
    VRAM:     16301 MB
    Driver:   27.20.100.8681
Initialize mono
Mono path[0] = 'D:/Program Files (x86)/Unity 2021.3.16f1/Editor/Data/Managed'
Mono path[1] = 'D:/Program Files (x86)/Unity 2021.3.16f1/Editor/Data/MonoBleedingEdge/lib/mono/unityjit-win32'
Mono config path = 'D:/Program Files (x86)/Unity 2021.3.16f1/Editor/Data/MonoBleedingEdge/etc'
Using monoOptions --debugger-agent=transport=dt_socket,embedding=1,server=y,suspend=n,address=127.0.0.1:56884
Begin MonoManager ReloadAssembly
Registering precompiled unity dll's ...
Register platform support module: D:/Program Files (x86)/Unity 2021.3.16f1/Editor/Data/PlaybackEngines/WebGLSupport/UnityEditor.WebGL.Extensions.dll
Register platform support module: D:/Program Files (x86)/Unity 2021.3.16f1/Editor/Data/PlaybackEngines/WindowsStandaloneSupport/UnityEditor.WindowsStandalone.Extensions.dll
Registered in 0.003800 seconds.
Native extension for WindowsStandalone target not found
Native extension for WebGL target not found
Refreshing native plugins compatible for Editor in 6.82 ms, found 2 plugins.
Preloading 0 native plugins for Editor in 0.00 ms.
Mono: successfully reloaded assembly
- Completed reload, in  1.642 seconds
Domain Reload Profiling:
	ReloadAssembly (1652ms)
		BeginReloadAssembly (238ms)
			ExecutionOrderSort (0ms)
			DisableScriptedObjects (0ms)
			BackupInstance (0ms)
			ReleaseScriptingObjects (0ms)
			CreateAndSetChildDomain (4ms)
		EndReloadAssembly (1135ms)
			LoadAssemblies (230ms)
			RebuildTransferFunctionScriptingTraits (0ms)
			SetupTypeCache (312ms)
			ReleaseScriptCaches (0ms)
			RebuildScriptCaches (97ms)
			SetupLoadedEditorAssemblies (574ms)
				LogAssemblyErrors (0ms)
				InitializePlatformSupportModulesInManaged (16ms)
				SetLoadedEditorAssemblies (0ms)
				RefreshPlugins (7ms)
				BeforeProcessingInitializeOnLoad (3ms)
				ProcessInitializeOnLoadAttributes (383ms)
				ProcessInitializeOnLoadMethodAttributes (164ms)
				AfterProcessingInitializeOnLoad (0ms)
				EditorAssembliesLoaded (0ms)
			ExecutionOrderSort2 (0ms)
			AwakeInstancesAfterBackupRestoration (0ms)
Platform modules already initialized, skipping
Registering precompiled user dll's ...
Registered in 0.004919 seconds.
Begin MonoManager ReloadAssembly
Native extension for WindowsStandalone target not found
Native extension for WebGL target not found
Refreshing native plugins compatible for Editor in 1.09 ms, found 2 plugins.
Preloading 0 native plugins for Editor in 0.00 ms.
Mono: successfully reloaded assembly
- Completed reload, in  2.239 seconds
Domain Reload Profiling:
	ReloadAssembly (2246ms)
		BeginReloadAssembly (403ms)
			ExecutionOrderSort (0ms)
			DisableScriptedObjects (15ms)
			BackupInstance (0ms)
			ReleaseScriptingObjects (0ms)
			CreateAndSetChildDomain (103ms)
		EndReloadAssembly (1469ms)
			LoadAssemblies (197ms)
			RebuildTransferFunctionScriptingTraits (0ms)
			SetupTypeCache (361ms)
			ReleaseScriptCaches (0ms)
			RebuildScriptCaches (108ms)
			SetupLoadedEditorAssemblies (552ms)
				LogAssemblyErrors (0ms)
				InitializePlatformSupportModulesInManaged (12ms)
				SetLoadedEditorAssemblies (4ms)
				RefreshPlugins (1ms)
				BeforeProcessingInitializeOnLoad (105ms)
				ProcessInitializeOnLoadAttributes (351ms)
				ProcessInitializeOnLoadMethodAttributes (74ms)
				AfterProcessingInitializeOnLoad (4ms)
				EditorAssembliesLoaded (0ms)
			ExecutionOrderSort2 (0ms)
			AwakeInstancesAfterBackupRestoration (49ms)
Platform modules already initialized, skipping
========================================================================
Worker process is ready to serve import requests
Launched and connected shader compiler UnityShaderCompiler.exe after 0.25 seconds
Refreshing native plugins compatible for Editor in 0.44 ms, found 2 plugins.
Preloading 0 native plugins for Editor in 0.00 ms.
Unloading 236 Unused Serialized files (Serialized files now loaded: 0)
Unloading 17 unused Assets / (56.1 KB). Loaded Objects now: 697.
Memory consumption went from 29.8 MB to 29.7 MB.
Total: 40.023400 ms (FindLiveObjects: 0.194900 ms CreateObjectMapping: 0.045400 ms MarkObjects: 38.904300 ms  DeleteObjects: 0.874300 ms)

AssetImportParameters requested are different than current active one (requested -> active):
  custom:video-decoder-ogg-theora: a1e56fd34408186e4bbccfd4996cb3dc -> 
  custom:container-muxer-webm: aa71ff27fc2769a1b78a27578f13a17b -> 
  custom:container-demuxer-webm: 4f35f7cbe854078d1ac9338744f61a02 -> 
  custom:video-encoder-webm-vp8: eb34c28f22e8b96e1ab97ce403110664 -> 
  custom:audio-encoder-webm-vorbis: bf7c407c2cedff20999df2af8eb42d56 -> 
  custom:framework-win-MediaFoundation: 216162199b28c13a410421893ffa2e32 -> 
  custom:container-demuxer-ogg: 62fdf1f143b41e24485cea50d1cbac27 -> 
  custom:video-decoder-webm-vp8: 9c59270c3fd7afecdb556c50c9e8de78 -> 
  custom:audio-decoder-ogg-vorbis: bf7c407c2cedff20999df2af8eb42d56 -> 
========================================================================
Received Import Request.
  Time since last request: 260641.634519 seconds.
  path: Assets/Lua/scripts
  artifactKey: Guid(90c3c22f675115d4884ca04f5d35d314) Importer(815301076,1909f56bfc062723c751e8b465ee728b)
Start importing Assets/Lua/scripts using Guid(90c3c22f675115d4884ca04f5d35d314) Importer(815301076,1909f56bfc062723c751e8b465ee728b)  -> (artifact id: '87252841d8c982383e231fe0480bc9cf') in 0.010449 seconds 
========================================================================
Received Import Request.
  Time since last request: 0.000026 seconds.
  path: Assets/Lua
  artifactKey: Guid(f279a2391d840c24baaa03bc84271211) Importer(815301076,1909f56bfc062723c751e8b465ee728b)
Start importing Assets/Lua using Guid(f279a2391d840c24baaa03bc84271211) Importer(815301076,1909f56bfc062723c751e8b465ee728b)  -> (artifact id: '96c28bdbb6b99f479f02281f0ffb1ea1') in 0.005152 seconds 
========================================================================
Received Import Request.
  Time since last request: 0.026630 seconds.
  path: Assets/Lua/scripts/ViewController.cs
  artifactKey: Guid(2f64430964a5d51479ef8a2457a91edf) Importer(815301076,1909f56bfc062723c751e8b465ee728b)
Start importing Assets/Lua/scripts/ViewController.cs using Guid(2f64430964a5d51479ef8a2457a91edf) Importer(815301076,1909f56bfc062723c751e8b465ee728b)  -> (artifact id: '4320c34da69d4b9b22fffec999841159') in 0.105581 seconds 
========================================================================
Received Import Request.
  Time since last request: 25.124846 seconds.
  path: Assets/Lua/scripts/LuaManager.cs
  artifactKey: Guid(712362fc7df09a2478552446c0b27983) Importer(815301076,1909f56bfc062723c751e8b465ee728b)
Start importing Assets/Lua/scripts/LuaManager.cs using Guid(712362fc7df09a2478552446c0b27983) Importer(815301076,1909f56bfc062723c751e8b465ee728b)  -> (artifact id: '78f737397867a26d107fa57bcab1a0b8') in 0.001460 seconds 
========================================================================
Received Import Request.
  Time since last request: 1962.021709 seconds.
  path: Assets/Scripts/LuaManager.cs
  artifactKey: Guid(712362fc7df09a2478552446c0b27983) Importer(815301076,1909f56bfc062723c751e8b465ee728b)
Start importing Assets/Scripts/LuaManager.cs using Guid(712362fc7df09a2478552446c0b27983) Importer(815301076,1909f56bfc062723c751e8b465ee728b)  -> (artifact id: 'cac58acf5eebaa05972c5de335b66123') in 0.002705 seconds 
========================================================================
Received Import Request.
  Time since last request: 421.555663 seconds.
  path: Assets/Scripts
  artifactKey: Guid(8478b7f3d2c34f14b81a72c095d9024a) Importer(815301076,1909f56bfc062723c751e8b465ee728b)
Start importing Assets/Scripts using Guid(8478b7f3d2c34f14b81a72c095d9024a) Importer(815301076,1909f56bfc062723c751e8b465ee728b)  -> (artifact id: '61e368f14010e299f4ab09bb8dec233b') in 0.002281 seconds 
========================================================================
Received Import Request.
  Time since last request: 1.701872 seconds.
  path: Assets/Scripts/GameMenu.cs
  artifactKey: Guid(91c42ca6ea47f5a489c750860cc6f0a4) Importer(815301076,1909f56bfc062723c751e8b465ee728b)
Start importing Assets/Scripts/GameMenu.cs using Guid(91c42ca6ea47f5a489c750860cc6f0a4) Importer(815301076,1909f56bfc062723c751e8b465ee728b)  -> (artifact id: '35efe936e3f9cbd14369dbc4d5d96ffe') in 0.001468 seconds 
